obj\Debug\netstandard2.1\blazor\unlinked\CyberTool_BLAZOR.dll
obj\Debug\netstandard2.1\blazor\unlinked\BlazorFluentUI.BFULayer.dll
obj\Debug\netstandard2.1\blazor\unlinked\BlazorFluentUI.BFUTheme.dll
obj\Debug\netstandard2.1\blazor\unlinked\Microsoft.AspNetCore.Components.dll
obj\Debug\netstandard2.1\blazor\unlinked\System.Buffers.dll
obj\Debug\netstandard2.1\blazor\unlinked\mscorlib.dll
obj\Debug\netstandard2.1\blazor\unlinked\Microsoft.Extensions.Logging.Abstractions.dll
obj\Debug\netstandard2.1\blazor\unlinked\netstandard.dll
obj\Debug\netstandard2.1\blazor\unlinked\System.Xml.Linq.dll
obj\Debug\netstandard2.1\blazor\unlinked\System.Core.dll
obj\Debug\netstandard2.1\blazor\unlinked\System.dll
obj\Debug\netstandard2.1\blazor\unlinked\WebAssembly.Net.WebSockets.dll
obj\Debug\netstandard2.1\blazor\unlinked\System.Memory.dll
obj\Debug\netstandard2.1\blazor\unlinked\WebAssembly.Bindings.dll
obj\Debug\netstandard2.1\blazor\unlinked\System.Numerics.dll
obj\Debug\netstandard2.1\blazor\unlinked\System.Xml.dll
obj\Debug\netstandard2.1\blazor\unlinked\Mono.Security.dll
obj\Debug\netstandard2.1\blazor\unlinked\System.Transactions.dll
obj\Debug\netstandard2.1\blazor\unlinked\System.Runtime.Serialization.dll
obj\Debug\netstandard2.1\blazor\unlinked\System.ServiceModel.Internals.dll
obj\Debug\netstandard2.1\blazor\unlinked\System.Net.Http.dll
obj\Debug\netstandard2.1\blazor\unlinked\System.Net.Http.WebAssemblyHttpHandler.dll
obj\Debug\netstandard2.1\blazor\unlinked\System.ComponentModel.Composition.dll
obj\Debug\netstandard2.1\blazor\unlinked\System.IO.Compression.FileSystem.dll
obj\Debug\netstandard2.1\blazor\unlinked\System.IO.Compression.dll
obj\Debug\netstandard2.1\blazor\unlinked\System.Drawing.Common.dll
obj\Debug\netstandard2.1\blazor\unlinked\System.Data.DataSetExtensions.dll
obj\Debug\netstandard2.1\blazor\unlinked\System.Data.dll
obj\Debug\netstandard2.1\blazor\unlinked\Microsoft.Extensions.DependencyInjection.Abstractions.dll
obj\Debug\netstandard2.1\blazor\unlinked\BlazorFluentUI.BFUComponentStyle.dll
obj\Debug\netstandard2.1\blazor\unlinked\Sigil.dll
obj\Debug\netstandard2.1\blazor\unlinked\Microsoft.JSInterop.dll
obj\Debug\netstandard2.1\blazor\unlinked\System.Text.Encodings.Web.dll
obj\Debug\netstandard2.1\blazor\unlinked\System.Text.Json.dll
obj\Debug\netstandard2.1\blazor\unlinked\System.Runtime.CompilerServices.Unsafe.dll
obj\Debug\netstandard2.1\blazor\unlinked\Microsoft.Bcl.AsyncInterfaces.dll
obj\Debug\netstandard2.1\blazor\unlinked\System.Threading.Tasks.Extensions.dll
obj\Debug\netstandard2.1\blazor\unlinked\System.Numerics.Vectors.dll
obj\Debug\netstandard2.1\blazor\unlinked\BlazorFluentUI.BFUBaseComponent.dll
obj\Debug\netstandard2.1\blazor\unlinked\System.Reactive.dll
obj\Debug\netstandard2.1\blazor\unlinked\System.Runtime.InteropServices.WindowsRuntime.dll
obj\Debug\netstandard2.1\blazor\unlinked\BlazorFluentUI.BFUResponsiveLayout.dll
obj\Debug\netstandard2.1\blazor\unlinked\BlazorFluentUI.BFUDialog.dll
obj\Debug\netstandard2.1\blazor\unlinked\BlazorFluentUI.BFUButton.dll
obj\Debug\netstandard2.1\blazor\unlinked\BlazorFluentUI.BFUIcon.dll
obj\Debug\netstandard2.1\blazor\unlinked\BlazorFluentUI.BFUKeytip.dll
obj\Debug\netstandard2.1\blazor\unlinked\BlazorFluentUI.BFUCallout.dll
obj\Debug\netstandard2.1\blazor\unlinked\BlazorFluentUI.BFUPopup.dll
obj\Debug\netstandard2.1\blazor\unlinked\Microsoft.AspNetCore.Components.Web.dll
obj\Debug\netstandard2.1\blazor\unlinked\Microsoft.AspNetCore.Components.Forms.dll
obj\Debug\netstandard2.1\blazor\unlinked\System.ComponentModel.Annotations.dll
obj\Debug\netstandard2.1\blazor\unlinked\System.ComponentModel.DataAnnotations.dll
obj\Debug\netstandard2.1\blazor\unlinked\BlazorFluentUI.BFUContextualMenu.dll
obj\Debug\netstandard2.1\blazor\unlinked\BlazorFluentUI.BFUFocusZone.dll
obj\Debug\netstandard2.1\blazor\unlinked\BlazorFluentUI.BFUTooltip.dll
obj\Debug\netstandard2.1\blazor\unlinked\BlazorFluentUI.BFUOverlay.dll
obj\Debug\netstandard2.1\blazor\unlinked\BlazorFluentUI.BFUModal.dll
obj\Debug\netstandard2.1\blazor\unlinked\BlazorFluentUI.BFUFocusTrapZone.dll
obj\Debug\netstandard2.1\blazor\unlinked\BlazorFluentUI.BFUTextField.dll
obj\Debug\netstandard2.1\blazor\unlinked\BlazorFluentUI.BFUDelayedRender.dll
obj\Debug\netstandard2.1\blazor\unlinked\BlazorFluentUI.BFULabel.dll
obj\Debug\netstandard2.1\blazor\unlinked\BlazorFluentUI.BFUOverflowSet.dll
obj\Debug\netstandard2.1\blazor\unlinked\BlazorFluentUI.BFUText.dll
obj\Debug\netstandard2.1\blazor\unlinked\BlazorFluentUI.BFUDropdown.dll
obj\Debug\netstandard2.1\blazor\unlinked\BlazorFluentUI.BFUPanel.dll
obj\Debug\netstandard2.1\blazor\unlinked\BlazorFluentUI.BFUCheckbox.dll
obj\Debug\netstandard2.1\blazor\unlinked\BlazorFluentUI.BFUStack.dll
obj\Debug\netstandard2.1\blazor\unlinked\DynamicData.dll
obj\Debug\netstandard2.1\blazor\unlinked\Microsoft.AspNetCore.Components.WebAssembly.dll
obj\Debug\netstandard2.1\blazor\unlinked\Microsoft.Extensions.DependencyInjection.dll
obj\Debug\netstandard2.1\blazor\unlinked\Microsoft.Extensions.Primitives.dll
obj\Debug\netstandard2.1\blazor\unlinked\Microsoft.Extensions.Configuration.dll
obj\Debug\netstandard2.1\blazor\unlinked\Microsoft.Extensions.Configuration.Abstractions.dll
obj\Debug\netstandard2.1\blazor\unlinked\Microsoft.Extensions.Configuration.Json.dll
obj\Debug\netstandard2.1\blazor\unlinked\Microsoft.Extensions.Configuration.FileExtensions.dll
obj\Debug\netstandard2.1\blazor\unlinked\Microsoft.Extensions.FileProviders.Physical.dll
obj\Debug\netstandard2.1\blazor\unlinked\Microsoft.Extensions.FileSystemGlobbing.dll
obj\Debug\netstandard2.1\blazor\unlinked\Microsoft.Extensions.FileProviders.Abstractions.dll
obj\Debug\netstandard2.1\blazor\unlinked\Microsoft.Extensions.Logging.dll
obj\Debug\netstandard2.1\blazor\unlinked\Microsoft.Extensions.Options.dll
obj\Debug\netstandard2.1\blazor\unlinked\Microsoft.JSInterop.WebAssembly.dll
obj\Debug\netstandard2.1\blazor\unlinked\BlazorFluentUI.BFUSelectionZone.dll
obj\Debug\netstandard2.1\blazor\unlinked\BlazorFluentUI.BFUDetailsList.dll
obj\Debug\netstandard2.1\blazor\unlinked\BlazorFluentUI.BFUGroupedList.dll
obj\Debug\netstandard2.1\blazor\unlinked\BlazorFluentUI.BFUSpinner.dll
obj\Debug\netstandard2.1\blazor\unlinked\BlazorFluentUI.BFUDetailsRow.dll
obj\Debug\netstandard2.1\blazor\unlinked\BlazorFluentUI.BFUCheck.dll
obj\Debug\netstandard2.1\blazor\unlinked\BlazorFluentUI.BFUList.dll
obj\Debug\netstandard2.1\blazor\unlinked\CyberTool_BLAZOR.pdb
obj\Debug\netstandard2.1\blazor\unlinked\Sigil.pdb
